<?xml version="1.0" encoding="UTF-8"?>
<!-- Generated by org.testng.reporters.JUnitReportReporter -->
<testsuite hostname="Lenovo-PC" name="storm.starter.tools.RankableObjectWithFieldsTest" tests="48" failures="0" timestamp="30 Jul 2016 05:09:43 GMT" time="0.025" errors="0">
  <testcase name="constructorWithNegativeCountAndFieldsShouldThrowIAE" time="0.000" classname="storm.starter.tools.RankableObjectWithFieldsTest"/>
  <testcase name="shouldBeEqualToItself" time="0.000" classname="storm.starter.tools.RankableObjectWithFieldsTest"/>
  <testcase name="shouldHaveSameHashCodeAsTrueDuplicates" time="0.000" classname="storm.starter.tools.RankableObjectWithFieldsTest"/>
  <testcase name="shouldNotBeEqualToFalseDuplicates" time="0.000" classname="storm.starter.tools.RankableObjectWithFieldsTest"/>
  <testcase name="verifyCompareTo" time="0.000" classname="storm.starter.tools.RankableObjectWithFieldsTest"/>
  <testcase name="shouldNotBeEqualToInstancesOfOtherClasses" time="0.000" classname="storm.starter.tools.RankableObjectWithFieldsTest"/>
  <testcase name="constructorWithNullObjectAndNoFieldsShouldThrowIAE" time="0.000" classname="storm.starter.tools.RankableObjectWithFieldsTest"/>
  <testcase name="shouldReturnTheObject" time="0.000" classname="storm.starter.tools.RankableObjectWithFieldsTest"/>
  <testcase name="shouldHaveDifferentHashCodeThanFalseDuplicates" time="0.000" classname="storm.starter.tools.RankableObjectWithFieldsTest"/>
  <testcase name="shouldHaveDifferentHashCodeThanFalseDuplicates" time="0.000" classname="storm.starter.tools.RankableObjectWithFieldsTest"/>
  <testcase name="copyShouldReturnCopy" time="0.004" classname="storm.starter.tools.RankableObjectWithFieldsTest"/>
  <testcase name="shouldNotBeEqualToFalseDuplicates" time="0.000" classname="storm.starter.tools.RankableObjectWithFieldsTest"/>
  <testcase name="shouldBeEqualToTrueDuplicates" time="0.000" classname="storm.starter.tools.RankableObjectWithFieldsTest"/>
  <testcase name="constructorWithNegativeCountAndNoFieldsShouldThrowIAE" time="0.001" classname="storm.starter.tools.RankableObjectWithFieldsTest"/>
  <testcase name="verifyCompareTo" time="0.000" classname="storm.starter.tools.RankableObjectWithFieldsTest"/>
  <testcase name="shouldNotBeEqualToFalseDuplicates" time="0.000" classname="storm.starter.tools.RankableObjectWithFieldsTest"/>
  <testcase name="toStringShouldContainStringRepresentationsOfObjectAndCount" time="0.000" classname="storm.starter.tools.RankableObjectWithFieldsTest"/>
  <testcase name="shouldNotBeEqualToInstancesOfOtherClasses" time="0.000" classname="storm.starter.tools.RankableObjectWithFieldsTest"/>
  <testcase name="shouldNotBeEqualToFalseDuplicates" time="0.000" classname="storm.starter.tools.RankableObjectWithFieldsTest"/>
  <testcase name="shouldBeEqualToTrueDuplicates" time="0.003" classname="storm.starter.tools.RankableObjectWithFieldsTest"/>
  <testcase name="verifyCompareTo" time="0.001" classname="storm.starter.tools.RankableObjectWithFieldsTest"/>
  <testcase name="shouldHaveSameHashCodeAsTrueDuplicates" time="0.001" classname="storm.starter.tools.RankableObjectWithFieldsTest"/>
  <testcase name="verifyCompareTo" time="0.000" classname="storm.starter.tools.RankableObjectWithFieldsTest"/>
  <testcase name="shouldNotBeEqualToFalseDuplicates" time="0.001" classname="storm.starter.tools.RankableObjectWithFieldsTest"/>
  <testcase name="verifyCompareTo" time="0.000" classname="storm.starter.tools.RankableObjectWithFieldsTest"/>
  <testcase name="shouldHaveDifferentHashCodeThanFalseDuplicates" time="0.000" classname="storm.starter.tools.RankableObjectWithFieldsTest"/>
  <testcase name="shouldNotBeEqualToInstancesOfOtherClasses" time="0.000" classname="storm.starter.tools.RankableObjectWithFieldsTest"/>
  <testcase name="shouldReturnTheFields" time="0.000" classname="storm.starter.tools.RankableObjectWithFieldsTest"/>
  <testcase name="fieldsShouldBeImmutable" time="0.001" classname="storm.starter.tools.RankableObjectWithFieldsTest"/>
  <testcase name="shouldNotBeEqualToFalseDuplicates" time="0.000" classname="storm.starter.tools.RankableObjectWithFieldsTest"/>
  <testcase name="shouldHaveDifferentHashCodeThanFalseDuplicates" time="0.000" classname="storm.starter.tools.RankableObjectWithFieldsTest"/>
  <testcase name="verifyCompareTo" time="0.000" classname="storm.starter.tools.RankableObjectWithFieldsTest"/>
  <testcase name="verifyCompareTo" time="0.000" classname="storm.starter.tools.RankableObjectWithFieldsTest"/>
  <testcase name="verifyCompareTo" time="0.000" classname="storm.starter.tools.RankableObjectWithFieldsTest"/>
  <testcase name="shouldBeEqualToTrueDuplicates" time="0.000" classname="storm.starter.tools.RankableObjectWithFieldsTest"/>
  <testcase name="shouldHaveSameHashCodeAsTrueDuplicates" time="0.000" classname="storm.starter.tools.RankableObjectWithFieldsTest"/>
  <testcase name="shouldCreateRankableObjectFromTuple" time="0.006" classname="storm.starter.tools.RankableObjectWithFieldsTest"/>
  <testcase name="shouldReturnTheFields" time="0.000" classname="storm.starter.tools.RankableObjectWithFieldsTest"/>
  <testcase name="verifyCompareTo" time="0.000" classname="storm.starter.tools.RankableObjectWithFieldsTest"/>
  <testcase name="verifyCompareTo" time="0.001" classname="storm.starter.tools.RankableObjectWithFieldsTest"/>
  <testcase name="toStringShouldContainStringRepresentationsOfObjectAndCount" time="0.003" classname="storm.starter.tools.RankableObjectWithFieldsTest"/>
  <testcase name="shouldReturnTheCount" time="0.000" classname="storm.starter.tools.RankableObjectWithFieldsTest"/>
  <testcase name="constructorWithNullObjectAndFieldsShouldThrowIAE" time="0.000" classname="storm.starter.tools.RankableObjectWithFieldsTest"/>
  <testcase name="copyShouldReturnCopy" time="0.001" classname="storm.starter.tools.RankableObjectWithFieldsTest"/>
  <testcase name="shouldHaveDifferentHashCodeThanFalseDuplicates" time="0.001" classname="storm.starter.tools.RankableObjectWithFieldsTest"/>
  <testcase name="copyShouldReturnCopy" time="0.000" classname="storm.starter.tools.RankableObjectWithFieldsTest"/>
  <testcase name="shouldNotBeEqualToInstancesOfOtherClasses" time="0.001" classname="storm.starter.tools.RankableObjectWithFieldsTest"/>
  <testcase name="shouldHaveDifferentHashCodeThanFalseDuplicates" time="0.000" classname="storm.starter.tools.RankableObjectWithFieldsTest"/>
</testsuite> <!-- storm.starter.tools.RankableObjectWithFieldsTest -->
